<?xml version="1.0" encoding="UTF-8"?>
<testng-results ignored="0" total="1" passed="1" failed="0" skipped="0">
  <reporter-output>
  </reporter-output>
  <suite started-at="2023-04-21T18:19:33 IST" name="Default suite" finished-at="2023-04-21T18:19:39 IST" duration-ms="5543">
    <groups>
    </groups>
    <test started-at="2023-04-21T18:19:33 IST" name="Default test" finished-at="2023-04-21T18:19:39 IST" duration-ms="5543">
      <class name="Practice.Parameter">
        <test-method signature="parameter()[pri:0, instance:Practice.Parameter@353d0772]" started-at="2023-04-21T18:19:33 IST" name="parameter" finished-at="2023-04-21T18:19:39 IST" duration-ms="5494" status="PASS">
          <reporter-output>
          </reporter-output>
        </test-method> <!-- parameter -->
      </class> <!-- Practice.Parameter -->
    </test> <!-- Default test -->
  </suite> <!-- Default suite -->
</testng-results>
